[    0.0000 Iitializing cgroup subsys cpuset
[    0.000000] Initializi cgroup subsys cpu
[    0.000000] Initializing cgroup subsys cpuacct
[    0.000000] Linux version 4.4.0-103-generic (buildd@lcy01-amd64-001) (gcc version 5.4.0 20160609(Uuntu 5.4.0-6ubuntu1~1.045)) 126-Ubuntu SMPon Dec 4 16:23:28 UTC 207 (Ubunt 44.-103.126-enic4.498
[   00000 Command lneBOOT_IMAE=/boot/vmluz4.4.0-103-ger root=LABEL=cloudimg-rootfs ro console=tty1 onlettyS0
[  000000] KERNEL supported cpus:
[    0.000000]   Intel GenuineIntel
[    0.000000]   AMD AuthenticAMD
[    0.000000]   Ceau Cntaurul
  0.0000] 86pu: xstate_offset[2]:  576, xstate_sizes[2]:  256
[    0.000000] x86/fpu: Supporting XSAVE feature 0x01: 'x87 floating point registers'
[    0.000000] x86/fpu: Supporting XSAVE feature 0x02: 'SSE registers'
[    0.00000] 6/fpu Spoting XAVE feature 0x04: 'AVX registers'
[    0.000000]86/fp Enabled xstate features 0x7, context size is 832 bytes, using 'standard' format.
[    0.000000] 86/fpu: Using 'lazy' FPU conxt wicches.
[    0.000000] e820: BIOS-provided physical RAM map:
[    0.000000] BIOS-e820: [mem 0x0000000000000-0x00000000000bf] usable
[    0.000000] BIOS-e820: [mem 0x000000000009fc00-0x000000000009ffff] reserved
[    0.000000] BIOS-e820: [me0x0000000000f000-x000000000fffff] reserved
[    0.000000] BIOS-e820: [mem 0x0000000000100000-0x0000003feff]sable
[  000000 BS-e8: em 0x000003ff0000x0000003fffff API da
   0.00000] OSe820[mm x00000000fec00000-0x00000000fec00fff] reserved
[    0.000000] BIOS-e820: [mem 0x00000000fee00000-0x00000000f00ff] reserved
[    0.000000] BIOS-e820: [mem 0x00000000fffc0000-0x00000000ffffffff] resrved
[    0.000000] NX (Execute Disable) roctionacve
  0.00000] SMBIOS.5preen.[   .00000]Hypervisor detectd: KVM
[    0.000000] e820: last_pfn = 0x3fff0 max_arch_pfn= 40000000
[   000000]MTR: Disabled
[    0.000000] x86/PAT: MTRRs disabled, skipping PAT initialization too.
[    0.000000] CP MRRs lllank -iruaiz sstem.[   0.000]x86/P: onfiraon [0-]:B  WT  U-   B  W  - C  [  0.000 foud SMP MP-table at [mem x009fff00x009ff] mapp a[ffff88000009fff0]
   0000000] Scanning 1 areas for low memory corruption
[    0.000000] RAMDISK: [mem 0x36adc000-0x37565fff]
[    0.000000] ACPI: Early table checksum verification disabled
[    0.000000] ACPI: RSDP 0x00000000000E0000 0002(v02 VBOX  )
[    0.00000]ACI:XSDT 0x000000003FFF0030 00003C (v01 VBOX   VBXXSDT 00000001 ASL  00000061)
[    0.000000] ACPI: FACP 0x000000003FFF00F0 0000F4 (v04 VBOX   VBOXFACP 00000001 ASL  0000001)
[    0.000000] ACPI: DSDT 0x000000003FFF0470 0021FF (v02 VBOX   VBOXBIOS 00000002 INTL 20100528)
[    0.000000] ACPI:FACS 0x000000003FFF0200 000040
[    0.000000] ACPI: FACS 0x000000003FFF0200 000040
[    0.000000] ACPI: APIC 0x000000003FFF0240 00005C (v02 VBOX   VBOXAPIC 00000001 ASL  00000061)
[    0.000000] ACPI: ST x000000003FFF02A0 0001CC (v01 VBOX   VBOXCPUT 00000002 INTL 20100528)
[    0.000000] No NUMA configuration found
[    0.000000] Faking a node at [mem 0x0000000000000000-0x000000003ffeffff]
[    0.000000] NODE_DATA(0) allocated [mem 0x3ffeb000-0x3ffeffff]
[    0.000000] kvm-clock: Using msrs 4b564d01 and 4b564d00
[    0.000000] vmlok: cpu 0ms0:3f301,primay u lock
[    0.000000] kvm-clock: using sched offset of 3632929086 cycles
[    0.000000] clocksource: kvm-cloc mask:xffffffffffffffff max_cycles: 0x1cd42e4dffb, max_idle_ns: 881590591483 ns
[    0.000000] Zone ranges:
[    0.00000]  D     [mem 0x0000000000001000-0x0000000000ffffff]
[    0.000000]   DMA32    [mem 0x0000000001000000-0x000000003ffeffff
[    0.000000   Noral  pty
[  .00000] Deic   empty
[    0.000000] Movable zone start for each node
[    0.0000] Early memory node ranges
[    0.000000]   node   0: [mem 0x0000000000001000-0x000000000009efff]
[    0.000000]   node   0: [mem 0x0000000000100000-0x000000003ffeffff]
[    0.000000] Initmem setup node 0 [mem 0x0000000000001000-0x000000003ffeffff]
[    0.000000] ACPI: PM-Timer IO Port: 0x4008
[    0.000000] IOAPIC[0]: apic_id 2, version 32, address 0xfec00000, GSI 0-23
[    0.000000] ACPI: NT_RCVR (bus 0 bus_irq 0 global_irq 2 dfl dfl)
    0.000000] ACPI: INT_S_OR bus 0us_irq 9 global_irq 9 low level)
    0.00000] Using ACPI (MADT) for SMP oniguration information
[    0.0000] spbot:Alowing 2 CPUs, 0 hotplug CPUs
[  0.0000] P: egstred nosave memory: [mem 0x00000000-0x00000fff]
[    0.000000] PM: gistered nosave memory: [mem 0x0009f000-0x0009fff]
[    0.000000] PM: Registered nosave memory: [mem 0x000a0000-0x000effff]
[    0.000000] PM: Registered nosave memory: [mem 0x000f0000-0x000fffff]
[    0.000000] e820: [mem 0x40000-xffff] avlae foPC dvice
[  0.0000 Boting arirtualzekenel  K
[   .00000] clksrce: efedjiffi: sk: 0xffff ma_cle: 0xfffff,max_le_: 7645519600256 n
[   0.000000] setup_percpu:NRCPUS:512 nr_cpumask_bits:512 nr_cpu_ids:2 nr_node_ids:1
[    0.000000] PERCPU: Embedded 33 pages/cpu @ffff88003fc00000 s98200 r8192 d28776 u1048576
[    0.000000] PV qspinlock hash table entries: 256 (order: 0, 4096 bytes)
[    0.000000] Built 1 zonelists in Node order, mobility grouping on.  Total pages: 257913
[    0.000000] Policy zone: DMA32
[    0.000000] ernel commndine: BOO_IMA=/ot/vmlinuz-4.4.0-103geri root=LABEL=cloudimg-rootfs ro console=tty1 console=ttyS0
[    0.000000] PID hash table entries: 4096 (order: 3, 2768 byt)
[    0.000000] Mery 10180K/1048120K available (8485K kernel code, 195K rwdata, 3988K rodata, 1492K init, 1316K bss, 46340K reserved, 0K cma-reserved)
   0.000000 SLUB: HWalign=64, Order=0-3, MinObjects=0, CPUs=2, Nodes=1
[    0.000000] Hierarchical RCU implemetaion.
[    0.000000] 	Build-time adjustment of leaf fanout to 64.
[    0.000000] 	RCU restricting CPUs from NR_CPUS=512 to nr_cpu_ids=2.
[    0.000000] RCU: Adjusting geometry for rcu_fanout_leaf4,nrcpu_ids=2
[    0.000000] NR_IRQS:33024 nr_irqs:440 6
[    0.000000] Coso: colour VGA+ 80x25
[    0.00] console [tty1] enabled
[  0.000000] console [ttyS0] enabled
[    0.00000 tsc: Detected 3292.522 MHz processor
[    6.507446] Calibrating delay loop (skipped) preset value.. 6585.04 BogoMIPS (lpj=13170088)
[    6.515713] pid_max: default: 32768 minimum: 301
[    6.516669] ACPI: Core revision 20150930
[    6.525038] ACPI: 2 ACPI AML tables successfully acquired and loaded
[    6.540277] Security Framework initialized
[    6.609012] Yama: becoming mindful.
[    6.672506] AppArmor: AppArmor initialized
[    6.673360] Dentry cache hash table entries: 131072 (order: 8, 1048576 bytes)
[    6.712028] Inode-cache hash table entries: 65536 (order: 7, 524288 bytes)
[    6.719044] Mount-cache hash table entries: 2048 (order: 2, 16384 bytes)
[    6.747776] Mountpoint-cache hash table entries: 2048 (order: 2, 16384 bytes)
[    6.819532] Initializing cgroup subsys io
[    6.828126] Initializing cgroup subsys memory
[    6.835195] Initializing cgroup subsys devices
[    6.841065] Initializing cgroup subsys freezer
[    6.844458] Initializing cgroup subsys net_cls
[    6.845673] Initializing cgroup subsys perf_event
[    6.847054] Initializing cgroup subsys net_prio
[    6.855858] Initializing cgroup subsys hugetlb
[    6.856702] Initializing cgroup subsys pids
[    6.858306] CPU: Physical Processor ID: 0
[    6.859618] CPU: Processor Core ID: 0
[    6.860494] mce: CPU supports 0 MCE banks
[    6.871963] Last level iTLB entries: 4KB 512, 2MB 8, 4MB 8
[    6.872948] Last level dTLB entries: 4KB 512, 2MB 32, 4MB 32, 1GB 0
[    6.881645] Freeing SMP alternatives memory: 32K
[    6.891351] ftrace: allocating 32158 entries in 126 pages
[    6.942366] smpboot: APIC(0) Converting physical 0 to logical package 0
[    6.944491] smpboot: Max logical packages: 1
[    6.945639] x2apic enabled
[    6.946469] Switched APIC routing to physical x2apic.
[    6.953005] ..TIMER: vector=0x30 apic1=0 pin1=2 apic2=-1 pin2=-1
[    7.074818] APIC calibration not consistent with PM-Timer: 111ms instead of 100ms
[    7.076795] APIC delta adjusted to PM-Timer: 6249969 (6997076)
[    7.078355] smpboot: CPU0: Intel(R) Core(TM) i5-2500K CPU @ 3.30GHz (family: 0x6, model: 0x2a, stepping: 0x7)
[    7.087399] Performance Events: unsupported p6 CPU model 42 no PMU driver, software events only.
[    7.089219] KVM setup paravirtual spinlock
[    7.090964] x86: Booting SMP configuration:
[    7.092118] .... node  #0, CPUs:      #1
[    7.093115] kvm-clock: cpu 1, msr 0:3ffe3041, secondary cpu clock
[    7.093922] mce: CPU supports 0 MCE banks
[    7.096405] x86: Booted up 1 node, 2 CPUs
[    7.103942] smpboot: Total of 2 processors activated (13170.08 BogoMIPS)
[    7.107328] devtmpfs: initialized
[    7.109594] evm: security.selinux
[    7.110275] evm: security.SMACK64
[    7.111360] evm: security.SMACK64EXEC
[    7.112374] evm: security.SMACK64TRANSMUTE
[    7.113536] evm: security.SMACK64MMAP
[    7.114433] evm: security.ima
[    7.117007] evm: security.capability
[    7.117977] clocksource: jiffies: mask: 0xffffffff max_cycles: 0xffffffff, max_idle_ns: 7645041785100000 ns
[    7.119686] futex hash table entries: 512 (order: 3, 32768 bytes)
[    7.120804] pinctrl core: initialized pinctrl subsystem
[    7.121836] RTC time: 15:03:32, date: 12/17/17
[    7.123721] NET: Registered protocol family 16
[    7.136399] cpuidle: using governor ladder
[    7.164749] cpuidle: using governor menu
[    7.176947] PCCT header not found.
[    7.177714] ACPI: bus type PCI registered
[    7.181243] acpiphp: ACPI Hot Plug PCI Controller Driver version: 0.5
[    7.182925] PCI: Using configuration type 1 for base access
[    7.196742] ACPI: Added _OSI(Module Device)
[    7.198750] ACPI: Added _OSI(Processor Device)
[    7.199570] ACPI: Added _OSI(3.0 _SCP Extensions)
[    7.200412] ACPI: Added _OSI(Processor Aggregator Device)
[    7.202037] ACPI: Executed 1 blocks of module-level executable AML code
[    7.204949] ACPI: Interpreter enabled
[    7.207495] ACPI: (supports S0 S5)
[    7.208196] ACPI: Using IOAPIC for interrupt routing
[    7.209260] PCI: Using host bridge windows from ACPI; if necessary, use "pci=nocrs" and report a bug
[    7.214156] ACPI: PCI Root Bridge [PCI0] (domain 0000 [bus 00-ff])
[    7.228404] acpi PNP0A03:00: _OSC: OS supports [ASPM ClockPM Segments MSI]
[    7.231869] acpi PNP0A03:00: _OSC: not requesting OS control; OS requires [ExtendedConfig ASPM ClockPM MSI]
[    7.234349] acpi PNP0A03:00: fail to add MMCONFIG information, can't access extended PCI configuration space under this bridge.
[    7.236926] PCI host bridge to bus 0000:00
[    7.237724] pci_bus 0000:00: root bus resource [io  0x0000-0x0cf7 window]
[    7.238869] pci_bus 0000:00: root bus resource [io  0x0d00-0xffff window]
[    7.240002] pci_bus 0000:00: root bus resource [mem 0x000a0000-0x000bffff window]
[    7.241473] pci_bus 0000:00: root bus resource [mem 0x40000000-0xfdffffff window]
[    7.244421] pci_bus 0000:00: root bus resource [bus 00-ff]
[    7.248109] pci 0000:00:01.1: legacy IDE quirk: reg 0x10: [io  0x01f0-0x01f7]
[    7.249497] pci 0000:00:01.1: legacy IDE quirk: reg 0x14: [io  0x03f6]
[    7.251109] pci 0000:00:01.1: legacy IDE quirk: reg 0x18: [io  0x0170-0x0177]
[    7.252570] pci 0000:00:01.1: legacy IDE quirk: reg 0x1c: [io  0x0376]
[    7.268274] pci 0000:00:07.0: quirk: [io  0x4000-0x403f] claimed by PIIX4 ACPI
[    7.280033] pci 0000:00:07.0: quirk: [io  0x4100-0x410f] claimed by PIIX4 SMB
[    7.291621] ACPI: PCI Interrupt Link [LNKA] (IRQs 5 9 10 *11)
[    7.307523] ACPI: PCI Interrupt Link [LNKB] (IRQs 5 9 *10 11)
[    7.311228] ACPI: PCI Interrupt Link [LNKC] (IRQs 5 *9 10 11)
[    7.319356] ACPI: PCI Interrupt Link [LNKD] (IRQs 5 9 10 *11)
[    7.320864] ACPI: Enabled 2 GPEs in block 00 to 07
[    7.322227] vgaarb: setting as boot device: PCI:0000:00:02.0
[    7.325074] vgaarb: device added: PCI:0000:00:02.0,decodes=io+mem,owns=io+mem,locks=none
[    7.326660] vgaarb: loaded
[    7.328710] vgaarb: bridge control possible 0000:00:02.0
[    7.331268] SCSI subsystem initialized
[    7.339296] ACPI: bus type USB registered
[    7.341934] usbcore: registered new interface driver usbfs
[    7.343038] usbcore: registered new interface driver hub
[    7.344164] usbcore: registered new device driver usb
[    7.349133] PCI: Using ACPI for IRQ routing
[    7.351733] NetLabel: Initializing
[    7.360910] NetLabel:  domain hash size = 128
[    7.362980] NetLabel:  protocols = UNLABELED CIPSOv4
[    7.373821] NetLabel:  unlabeled traffic allowed by default
[    7.376758] amd_nb: Cannot enumerate AMD northbridges
[    7.379798] clocksource: Switched to clocksource kvm-clock
[    7.392836] AppArmor: AppArmor Filesystem Enabled
[   .3661]pnp: PnP ACPI init
[    7.843]pn: nPACI: found 3 devices

[   .746855] clocksource: acpi_pm: mask: 0xffffff max_ycles: 0xffffff, max_idle_ns: 2085701024 ns
[   .824560] NET: egstred protocol family 2

[    7.942428] TCP established hash table entries: 8192 (order: 4, 65536 bytes)
[    7.945377] TCP bind hash table entries: 8192 (order: 5, 131072 bytes)
[    7.946579] TCP: Hash tables configured (established 8192 bind 8192)
[    7.947716] UDP hash table entries: 512 (order: 2, 16384 bytes)
[    7.948799] UDP-Lite hash table entries: 512 (order: 2, 16384 bytes)
[   794911] NET: Registered protocol family 1
[  8.030301] pci 0000:00:00.0: Limiting direct PCI/PCI transfers
[    8.084570] pci 0000:00:01.0: Activating ISA DMA hang workarounds
[    8.087409] Unpacking initramfs...

[   9.4406 Feenginitrd memory: 10792K

[   10.007894] RAPL PMU detected, API unit is 2^-32 Joules, 3 fixed counters 10737418240 ms ovfl timer
[   10.010237]hwunt f domain pp0-core 2^-0 Joules

[   10.116558] hw unit of domain package 2^-0 Joules
[   10.124375] hw unit of domain pp1-gpu 2^-0 Joules
[   10.145658] platform rtc_cmos: registered platform RTC device (no PNP device found)
[   10.148824] Scanning for low memory corruption every 60 seconds
[   10.159185] audit: initializing netlink subsys (disabled)
[   10.167354] audit: type=2000 audit(1513523014.423:1): initialized
[   10.170130] Initialise system trusted keyring
[   10.178604] HugeTLB registered 2 MB page size, pre-allocated 0 pages
[   10.192206] zbud: loaded
[   10.201734] VFS: Disk quotas dquot_6.6.0
[   10.204933] VFS: Dquot-cache hash table entries: 512 (order 0, 4096 bytes)
[   10.209775] squashfs: version 4.0 (2009/01/31) Phillip Lougher
[   10.214286] fuse init (API version 7.23)
[   10.215401] Key type big_key registered
[   10.220723] Allocating IMA MOK and blacklist keyrings.
[   10.223087] Key type asymmetric registered
[   10.239454] Asymmetric key parser 'x509' registered
[   10.246956] Block layer SCSI generic (bsg) driver version 0.4 loaded (major 249)
[   10.253981] io scheduler noop registered
[   10.263389] io scheduler deadline registered (default)
[   10.268184] io scheduler cfq registered
[   10.270322] pci_hotplug: PCI Hot Plug PCI Core version: 0.5
[   10.281512] pciehp: PCI Express Hot Plug Controller Driver version: 0.4
[   10.284738] ACPI: AC Adapter [AC] (on-line)
[   10.289756] input: Power Button as /devices/LNXSYSTM:00/LNXPWRBN:00/input/input0
[   10.304908] ACPI: Power Button [PWRF]
[   10.308116] input: Sleep Button as /devices/LNXSYSTM:00/LNXSLPBN:00/input/input1
[   10.309821] ACPI: Sleep Button [SLPF]
[   10.320422] GHES: HEST is not enabled!
[   10.326965] Serial: 8250/16550 driver, 32 ports, IRQ sharing enabled
[   10.353392] 00:02: ttyS0 at I/O 0x3f8 (irq = 4, base_baud = 115200) is a 16550A
[   10.365161] Linux agpgart interface v0.103
[   10.381675] loop: module loaded
[   10.389432] scsi host0: ata_piix
[   10.405824] scsi host1: ata_piix
[   10.413789] ata1: PATA max UDMA/33 cmd 0x1f0 ctl 0x3f6 bmdma 0xd000 irq 14
[   10.423295] ata2: PATA max UDMA/33 cmd 0x170 ctl 0x376 bmdma 0xd008 irq 15
[   10.437827] libphy: Fixed MDIO Bus: probed
[   10.456068] tun: Universal TUN/TAP device driver, 1.6
[   10.457470] tun: (C) 1999-2004 Max Krasnyansky <maxk@qualcomm.com>
[   10.463488] PPP generic driver version 2.4.2
[   10.466017] ehci_hcd: USB 2.0 'Enhanced' Host Controller (EHCI) Driver
[   10.467534] ehci-pci: EHCI PCI platform driver
[   10.470293] ehci-platform: EHCI generic platform driver
[   10.473588] ohci_hcd: USB 1.1 'Open' Host Controller (OHCI) Driver
[   10.482335] ohci-pci: OHCI PCI platform driver
[   10.484482] ohci-platform: OHCI generic platform driver
[   10.486059] uhci_hcd: USB Universal Host Controller Interface driver
[   10.491219] i8042: PNP: PS/2 Controller [PNP0303:PS2K,PNP0f03:PS2M] at 0x60,0x64 irq 1,12
[   10.493672] serio: i8042 KBD port at 0x60,0x64 irq 1
[   10.496601] serio: i8042 AUX port at 0x60,0x64 irq 12
[   10.499754] mousedev: PS/2 mouse device common for all mice
[   10.501954] input: AT Translated Set 2 keyboard as /devices/platform/i8042/serio0/input/input2
[   10.504975] rtc_cmos rtc_cmos: rtc core: registered rtc_cmos as rtc0
[   10.510144] rtc_cmos rtc_cmos: alarms up to one day, 114 bytes nvram
[   10.511640] i2c /dev entries driver
[   10.512523] device-mapper: uevent: verson 1.0.3

[   10.537918] device-mapper: ioctl: 4.34.0-ioctl (2015-10-28) initialised: dm-devel@redhat.com
[   10.540114] ledtrig-cpu: registered to indicate activity on CPUs
[   10.542198] NET: Registered protocol family 10
[   10.548910] NET: Registered protocol family 17
[   10.549744] Key type dns_resolver registered
[   10.552512] microcode: CPU0 sig=0x206a7, pf=0x10, revision=0x0
[   10.575995] microcode: CPU1 sig=0x206a7, pf=0x10, revision=0x0
[   10.583486] microcode: Microcode Update Driver: v2.01 <tigran@aivazian.fsnet.co.uk>, Peter Oruba
[   10.585706] registered taskstats version 1
[   10.589005] Loading compiled-in X.509 certificates
[   10.590577] Loaded X.509 cert 'Build time autogenerated kernel key: 6495e09daeacef0cade9c1ea2246b74b6c79cd53'
[   10.592418] zswap: loaded using pool lzo/zbud
[   10.594916] Key type trusted registered
[   10.607615] Key type encrypted registered
[   10.609556] AppArmor: AppArmor sha1 policy hashing enabled
[   10.633935] ima: No TPM chip found, activating TPM-bypass!
[   10.634935] evm: HMAC attrs: 0x1
[   10.637415]   Magic number: 13:418:83
[   10.639042] rtc_cmos rtc_cmos: setting system clock to 2017-12-17 15:03:36 UTC (1513523016)
[   10.640816] BIOS EDD facility v0.16 2004-Jun-25, 0 devices found
[   10.641885] EDD information not available.
[   10.644968] Freeing unused kernel memory: 1492K
[   10.648693] Write protecting the kernel read-only data: 14336k
[   10.650573] Freeing unused kernel memory: 1744K
[   10.653193] Freeing unused kernel memory: 108K
Loading, please wait...
starting version[   10.665319] random: systemd-udevd: uninitialized urandom read (16 bytes read, 2 bits of entropy available)
 229
[   10.665969] random: udevadm: uninitialized urandom read (16 bytes read, 2 bits of entropy available)
[   10.665993] random: udevadm: uninitialized urandom read (16 bytes read, 2 bits of entropy available)
[   10.673733] random: udevadm: uninitialized urandom read (16 bytes read, 2 bits of entropy available)
[   10.673771] random: udevadm: uninitialized urandom read (16 bytes read, 2 bits of entropy available)
[   10.673886] random: udevadm: uninitialized urandom read (16 bytes read, 2 bits of entropy available)
[   10.673933] random: udevadm: uninitialized urandom read (16 bytes read, 2 bits of entropy available)
[   10.673976] random: udevadm: uninitialized urandom read (16 bytes read, 2 bits of entropy available)
[   10.674020] random: udevadm: uninitialized urandom read (16 bytes read, 2 bits of entropy available)
[   10.674063] random: udevadm: uninitialized urandom read (16 bytes read, 2 bits of entropy available)
[   10.789154] e1000: Intel(R) PRO/1000 Network Driver - version 7.3.21-k8-NAPI
[   10.790910] e1000: Copyright (c) 1999-2006 Intel Corporation.
[   10.795246] Fusion MPT base driver 3.04.20
[   10.804200] Copyright (c) 1999-2008 LSI Corporation
[   10.816202] Fusion MPT SPI Host driver 3.04.20
[   10.833701] AVX version of gcm_enc/dec engaged.
[   10.834922] AES CTR mode by8 optimization enabled
[   11.013107] input: ImExPS/2 Generic Explorer Mouse as /devices/platform/i8042/serio1/input/input4
[   11.146745] tsc: Refined TSC clocksource calibration: 3293.831 MHz
[   11.149329] clocksource: tsc: mask: 0xffffffffffffffff max_cycles: 0x2f7a88ce3a3, max_idle_ns: 440795372070 ns
[   11.210825] e1000 0000:00:03.0 eth0: (PCI:33MHz:32-bit) 02:15:29:52:b1:84
[   11.350875] e1000 0000:00:03.0 eth0: Intel(R) PRO/1000 Network Connection
[   11.352717] mptbase: ioc0: Initiating bringup
[   11.790980] ioc0: LSI53C1030 A0: Capabilities={Initiator}
[   12.747417] scsi host2: ioc0: LSI53C1030 A0, FwRev=00000000h, Ports=1, MaxQ=256, IRQ=20
[   13.199930] scsi 2:0:0:0: Direct-Access     VBOX     HARDDISK         1.0  PQ: 0 ANSI: 5
[   13.957768] floppy0: no floppy controllers found
[   13.959034] scsi target2:0:0: Beginning Domain Validation
[   13.980148] scsi target2:0:0: Domain Validation skipping write tests
[   14.045405] scsi target2:0:0: Ending Domain Validation
[   14.100919] scsi target2:0:0: asynchronous
[   14.115498] scsi 2:0:1:0: Direct-Access     VBOX     HARDDISK         1.0  PQ: 0 ANSI: 5
[   14.125627] scsi target2:0:1: Beginning Domain Validation
[   14.143208] scsi target2:0:1: Domain Validation skipping write tests
[   14.151774] scsi target2:0:1: Ending Domain Validation
[   14.174039] scsi target2:0:1: asynchronous
[   14.200876] sd 2:0:0:0: Attached scsi generic sg0 type 0
[   14.212757] sd 2:0:0:0: [sda] 20971520 512-byte logical blocks: (10.7 GB/10.0 GiB)
[   14.231991] sd 2:0:1:0: Attached scsi generic sg1 type 0
[   14.233129] sd 2:0:1:0: [sdb] 20480 512-byte logical blocks: (10.5 MB/10.0 MiB)
[   14.235807] sd 2:0:0:0: [sda] Write Protect is off
[   14.236754] sd 2:0:1:0: [sdb] Write Protect is off
[   14.237835] sd 2:0:1:0: [sdb] Incomplete mode parameter data
[   14.239982] sd 2:0:1:0: [sdb] Assuming drive cache: write through
[   14.242220] sd 2:0:0:0: [sda] Incomplete mode parameter data
[   14.248623] sd 2:0:0:0: [sda] Assuming drive cache: write through
[   14.251324]  sda: sda1
[   14.253818] sd 2:0:1:0: [sdb] Attached SCSI disk
[   14.257061] sd 2:0:0:0: [sda] Attached SCSI disk
[   14.424846] e1000 0000:00:08.0 eth1: (PCI:33MHz:32-bit) 08:00:27:95:aa:a8
[   14.480458] e1000 0000:00:08.0 eth1: Intel(R) PRO/1000 Network Connection
[   14.498743] e1000 0000:00:08.0 enp0s8: renamed from eth1
[   14.524198] e1000 0000:00:03.0 enp0s3: renamed from eth0
Begin: Loading e[   15.875086] md: linear personality registered for level -1
ssential drivers ... [   15.889553] md: multipath personality registered for level -4
[   15.916837] md: raid0 personality registered for level 0
[   15.921871] md: raid1 personality registered for level 1
[   16.000027] raid6: sse2x1   gen()  8273 MB/s
[   16.068013] raid6: sse2x1   xor()  6873 MB/s
[   16.160336] raid6: sse2x2   gen() 11128 MB/s
[   16.244419] raid6: sse2x2   xor()  7937 MB/s
[   16.324565] raid6: sse2x4   gen() 12552 MB/s
[   16.403812] raid6: sse2x4   xor()  9159 MB/s
[   16.426595] raid6: using algorithm sse2x4 gen() 12552 MB/s
[   16.443496] raid6: .... xor() 9159 MB/s, rmw enabled
[   16.454160] raid6: using ssse3x2 recovery algorithm
[   16.465363] xor: automatically using best checksumming function:
[   16.515835]    avx       : 19663.000 MB/sec
[   16.545130] async_tx: api initialized (async)
[   16.648367] md: raid6 personality registered for level 6
[   16.666814] md: raid5 personality registered for level 5
[   16.682207] md: raid4 personality registered for level 4
[   16.690080] md: raid10 personality registered for level 10
done.
Begin: Running /scripts/init-premount ... done.[   16.740027] Btrfs loaded

Begin: Mounting root file system ... Begin: Running /scripts/local-top ... done.
Begin: Running /scripts/local-premount ... Scanning for Btrfs filesystems
done.
Warning: fsck not present, so sk[   16.768960] EXT4-fs (sda1): mounted filesystem with ordered data mode. Opts: (null)
ipping root file system
done.
Begin: Running /scripts/local-bottom ... done.
Begin: Running /scripts/init-bottom ... done.
[   6.6673] sysem[1 systemd 29 unin in sytemo. PA +UDIT +SELINUX +IMA +APPARORSMK SYVIIT+UMP+LBCYPET +RYT +GNUTL +L Z LZ+SECCOMP +BLKID +ELFUTILS +KMOD -IDN)

[   18.008636] systemd[1]: Detected virtualization oracle.
[   18.023550] systemd[1]: Detected architecture x86-64.

Welcome to [1mUbuntu 16.04.3 LTS[0m!

[   18.052589] systemd[1]: Set hostname to <ubuntu>.
[   18.071050] systemd[1]: Initializing machine ID from random generator.
[   18.089222] systemd[1]: Installed transient /etc/machine-id file.
[   18.197492] systemd[1]: Started Forward Password Requests to Wall Directory Watch.
[[0;32m  OK  [0m] Started Forward Password Requests to Wall Directory Watch.
[   18.228131] systemd[1]: Reached target User and Group Name Lookups.
[[0;32m  OK  [0m] Reached target User and Group Name Lookups.
[   18.245818] systemd[1]: Started Trigger resolvconf update for networkd DNS.
[[0;32m  OK  [0m] Started Trigger resolvconf update for networkd DNS.
[   18.272264] systemd[1]: Listening on LVM2 metadata daemon socket.
[[0;32m  OK  [0m] Listening on LVM2 metadata daemon socket.
[   18.288752] systemd[1]: Listening on /dev/initctl Compatibility Named Pipe.
[[0;32m  OK  [0m] Listening on /dev/initctl Compatibility Named Pipe.
[   18.316186] systemd[1]: Listening on udev Control Socket.
[[0;32m  OK  [0m] Listening on udev Control Socket.
[   18.334756] systemd[1]: Listening on Journal Socket (/dev/log).
[[0;32m  OK  [0m] Listening on Journal Socket (/dev/log).
[   18.341628] systemd[1]: Listening on udev Kernel Socket.
[[0;32m  OK  [0m] Listening on udev Kernel Socket.
[   18.350372] systemd[1]: Listening on LVM2 poll daemon socket.
[[0;32m  OK  [0m] Listening on LVM2 poll daemon socket.
[   18.366083] systemd[1]: Listening on Syslog Socket.
[[0;32m  OK  [0m] Listening on Syslog Socket.
[   18.374915] systemd[1]: Listening on Journal Socket.
[[0;32m  OK  [0m] Listening on Journal Socket.
[   18.380874] systemd[1]: Reached target Swap.
[[0;32m  OK  [0m] Reached target Swap.
[   18.392355] systemd[1]: Listening on Device-mapper event daemon FIFOs.
[[0;32m  OK  [0m] Listening on Device-mapper event daemon FIFOs.
[   18.416905] systemd[1]: Listening on Journal Audit Socket.
[[0;32m  OK  [0m] Listening on Journal Audit Socket.
[   18.432430] systemd[1]: Reached target Encrypted Volumes.
[[0;32m  OK  [0m] Reached target Encrypted Volumes.
[   18.448268] systemd[1]: Set up automount Arbitrary Executable File Formats File System Automount Point.
[[0;32m  OK  [0m] Set up automount Arbitrary Executab...ats File System Automount Point.
[   18.465338] systemd[1]: Created slice System Slice.
[[0;32m  OK  [0m] Created slice System Slice.
[   18.488097] systemd[1]: Starting Journal Service...
         Starting Journal Service...
[   18.498606] systemd[1]: Mounting Huge Pages File System...
         Mounting Huge Pages File System...
[   18.576093] systemd[1]: Starting Create list of required static device nodes for the current kernel...
         Starting Create list of required st... nodes for the current kernel...
[   18.664096] systemd[1]: Starting Uncomplicated firewall...
         Starting Uncomplicated firewall...
[   18.791716] systemd[1]: Created slice system-serial\x2dgetty.slice.
[[0;32m  OK  [0m] Created slice system-serial\x2dgetty.slice.
[   18.820452] systemd[1]: Starting Nameserver information manager...
         Starting Nameserver information manager...
[   18.834999] systemd[1]: Starting Remount Root and Kernel File Systems...
[   18.838071] EXT4-fs (sda1): re-mounted. Opts: (null)
         Starting Remount Root and Kernel File Systems...
[   18.956392] systemd[1]: Mounting POSIX Message Queue File System...
         Mounting POSIX Message Queue File System...
[   19.089244] systemd[1]: Starting Set console keymap...
         Starting Set console keymap...
[   19.122454] systemd[1]: Created slice User and Session Slice.
[[0;32m  OK  [0m] Created slice User and Session Slice.
[   19.208690] systemd[1]: Reached target Slices.
[[0;32m  OK  [0m] Reached target Slices.
[   19.244766] systemd[1]: Starting Monitoring of LVM2 mirrors, snapshots etc. using dmeventd or progress polling...
         Starting Monitoring of LVM2 mirrors... dmeventd or progress polling...
[   19.328829] systemd[1]: Mounting Debug File System...
         Mounting Debug File System...
[   19.345216] systemd[1]: Starting Load Kernel Modules...
[   19.356760] Loading iSCSI transport class v2.0-870.
         Startin[   19.363651] random: nonblocking pool is initialized
g Load Kernel Modules...
[   19.388282] iscsi: registered transport (tcp)
[   19.389816] systemd[1]: Mounted Huge Pages File System.
[[0;32m  OK  [0m] Mounted Huge Pages File System.
[   19.411010] systemd[1]: Mounted POSIX Message Queue File System.
[[0;32m  OK  [0m] Mounted POSIX Message Queue File System.
[   19.414378] systemd[1]: Mounted Debug File System.
[[0;32m  OK  [0m] Mounted Debug File System.
[   19.422054] systemd[1]: Started Journal Service.
[[0;32m  OK  [0m] Started Journal Service.
[   19.432253] iscsi: registered transport (iser)
[[0;32m  OK  [0m] Started Create list of required sta...ce nodes for the current kernel.
[[0;32m  OK  [0m] Started Uncomplicated firewall.
[[0;32m  OK  [0m] Started Remount Root and Kernel File Systems.
[[0;32m  OK  [0m] Started Set console keymap.
[[0;32m  OK  [0m] Started Load Kernel Modules.
[[0;32m  OK  [0m] Started Nameserver information manager.
[[0;32m  OK  [0m] Started LVM2 metadata daemon.
         Mounting FUSE Control File System...
         Starting Apply Kernel Variables...
         Starting Load/Save Random Seed...
         Starting Initial cloud-init job (pre-networking)...
         Starting udev Coldplug all Devices...
         Starting Create Static Device Nodes in /dev...
         Starting Flush Journal to Persistent Storage...
[[0;32m  OK  [0m] Mounted FUSE Control File System.
[[0;32m  OK  [0m] Started Monitoring of LVM2 mirrors,...ng dmeventd or progress polling.
[[0;32m  OK  [0m] Started Apply Kernel Variables.
[[0;32m  OK  [0m] Started Load/Save Random Seed.
[[0;32m  OK  [0m] Started Create Static Device Nodes in /dev.
[[0;32m  OK  [0m] Started udev Coldplug all Devices.
[[0;32m  OK  [0m] Started Flush Journal to Persistent Storage.
         Starting udev Kernel Device Manager...
[[0;32m  OK  [0m] Started udev Kernel Device Manager.
[[0;32m  OK  [0m] Reached target Local File Systems (Pre).
[[0;32m  OK  [0m] Reached target Local File Systems.
         Starting Create Volatile Files and Directories...
         Starting LSB: AppArmor initialization...
         Starting Tell Plymouth To Write Out Runtime Data...
         Starting Set console font and keymap...
         Starting Commit a transient machine-id on disk...
[[0;32m  OK  [0m] Started Dispatch Password Requests to Console Directory Watch.
[[0;32m  OK  [0m] Started Create Volatile Files and Directories.
[[0;32m  OK  [0m] Started Tell Plymouth To Write Out Runtime Data.
[[0;32m  OK  [0m] Reached target System Time Synchronized.
         Starting Update UTMP about System Boot/Shutdown...
[[0;32m  OK  [0m] Started Commit a transient machine-id on disk.
[[0;32m  OK  [0m] Started Update UTMP about System Boot/Shutdown.
[   14.443293] cloud-init[449]: Cloud-init v. 17.1 running 'init-local' at Sun, 17 Dec 2017 15:03:46 +0000. Up 14.11 seconds.
[[0;32m  OK  [0m] Found device /dev/ttyS0.
[[0;32m  OK  [0m] Started Initial cloud-init job (pre-networking).
[[0;32m  OK  [0m] Listening on Load/Save RF Kill Switch Status /dev/rfkill Watch.
[[0;32m  OK  [0m] Reached target Network (Pre).
[[0;32m  OK  [0m] Found device 82540EM Gigabit Ethern...r (PRO/1000 MT Desktop Adapter).
[[0;32m  OK  [0m] Started LSB: AppArmor initialization.
[[0;32m  OK  [0m] Started Set console font and keymap.
[[0;32m  OK  [0m] Created slice system-getty.slice.
         Starting Raise network interfaces...
[[0;32m  OK  [0m] Started ifup for enp0s3.
[[0;32m  OK  [0m] Started Raise network interfaces.
         Starting Initial cloud-init job (metadata service crawler)...
[[0;32m  OK  [0m] Reached target Network.
[   18.500000] cloud-init[969]: Cloud-init v. 17.1 running 'init' at Sun, 17 Dec 2017 15:03:50 +0000. Up 17.88 seconds.
[   18.680490] cloud-init[969]: ci-info: ++++++++++++++++++++++++++++++++++++++Net device info++++++++++++++++++++++++++++++++++++++
[   18.680797] cloud-init[969]: ci-info: +--------+-------+----------------------------+---------------+-------+-------------------+
[   18.680877] cloud-init[969]: ci-info: | Device |   Up  |          Address           |      Mask     | Scope |     Hw-Address    |
[   18.680954] cloud-init[969]: ci-info: +--------+-------+----------------------------+---------------+-------+-------------------+
[   18.681032] cloud-init[969]: ci-info: | enp0s3 |  True |         10.0.2.15          | 255.255.255.0 |   .   | 02:15:29:52:b1:84 |
[   18.681110] cloud-init[969]: ci-info: | enp0s3 |  True | fe80::15:29ff:fe52:b184/64 |       .       |  link | 02:15:29:52:b1:84 |
[   18.681186] cloud-init[969]: ci-info: | enp0s8 | False |             .              |       .       |   .   | 08:00:27:95:aa:a8 |
[   18.681272] cloud-init[969]: ci-info: |   lo   |  True |         127.0.0.1          |   255.0.0.0   |   .   |         .         |
[   18.681379] cloud-init[969]: ci-info: |   lo   |  True |          ::1/128           |       .       |  host |         .         |
[   18.681459] cloud-init[969]: ci-info: +--------+-------+----------------------------+---------------+-------+-------------------+
[   18.681534] cloud-init[969]: ci-info: +++++++++++++++++++++++++++Route IPv4 info++++++++++++++++++++++++++++
[   18.681609] cloud-init[969]: ci-info: +-------+-------------+----------+---------------+-----------+-------+
[   18.681698] cloud-init[969]: ci-info: | Route | Destination | Gateway  |    Genmask    | Interface | Flags |
[   18.681776] cloud-init[969]: ci-info: +-------+-------------+----------+---------------+-----------+-------+
[   18.681851] cloud-init[969]: ci-info: |   0   |   0.0.0.0   | 10.0.2.2 |    0.0.0.0    |   enp0s3  |   UG  |
[   18.681925] cloud-init[969]: ci-info: |   1   |   10.0.2.0  | 0.0.0.0  | 255.255.255.0 |   enp0s3  |   U   |
[   18.682004] cloud-init[969]: ci-info: +-------+-------------+----------+---------------+-----------+-------+
[   18.682123] cloud-init[969]: Generating public/private rsa key pair.
[   18.682210] cloud-init[969]: Your identification has been saved in /etc/ssh/ssh_host_rsa_key.
[   18.682296] cloud-init[969]: Your public key has been saved in /etc/ssh/ssh_host_rsa_key.pub.
[   18.682467] cloud-init[969]: The key fingerprint is:
[   18.682551] cloud-init[969]: SHA256:b9FJzg074wjiE8e8F/CKRFDY11Eg1//UhHDC7qXYmsI root@ubuntu-xenial
[   18.682633] cloud-init[969]: The key's randomart image is:
[   18.682712] cloud-init[969]: +---[RSA 2048]----+
[   18.682804] cloud-init[969]: |    .+. ..+*+... |
[   18.682883] cloud-init[969]: |    ... .o. oo. .|
[   18.682960] cloud-init[969]: |      ...  .o. ..|
[   18.683037] cloud-init[969]: |     . o o =.=o o|
[   18.683112] cloud-init[969]: |      + S ++Oo.o |
[   18.683187] cloud-init[969]: |     o = =.=+o  .|
[   18.683262] cloud-init[969]: |      +.o =o.    |
[   18.683593] cloud-init[969]: |       .Eoo      |
[   18.683688] cloud-init[969]: |         .       |
[   18.683771] cloud-init[969]: +----[SHA256]-----+
[   18.683874] cloud-init[969]: Generating public/private dsa key pair.
[   18.683951] cloud-init[969]: Your identification has been saved in /etc/ssh/ssh_host_dsa_key.
[   18.684031] cloud-init[969]: Your public key has been saved in /etc/ssh/ssh_host_dsa_key.pub.
[   18.684120] cloud-init[969]: The key fingerprint is:
[   18.684199] cloud-init[969]: SHA256:d6/D4LMBm/AuFHmPqagd0Znhcn0T0UmDluZvLXrhlAs root@ubuntu-xenial
[[0;32m  OK  [0m] Started Initial cloud-init job (metadata service crawler).
[[   18.684493] cloud-init[969]: The key's randomart image is:
[   21.723577] cloud-init[969]: +---[DSA 1024]----+
[   21.723670] cloud-init[969]: |          .=o.   |
[   21.723815] cloud-init[969]: |          =.o.   |
[   21.723940] cloud-init[969]: |      .. +.      |
[   21.724236] cloud-init[969]: |     oo=. ..     |
[0;32m  OK  [0m[   21.724408] ] cloud-initReached target Cloud-config availability.[969]: 
|    o BoS++..o   |
[[   21.724450] cloud-init[969]: |     +.oo*EoB..  |
[   21.965036] cloud-init[969]: |    .o .+..O +.  |
[   21.965116] cloud-init[969]: |   ...o.  +.*.   |
[   21.965276] cloud-init[969]: |  ...  .. .+..   |
[   21.965393] cloud-init[969]: +----[SHA256]-----+
[   21.965528] cloud-init[969]: Generating public/private ecdsa key pair.
[   21.965663] cloud-init[969]: Your identification has been saved in /etc/ssh/ssh_host_ecdsa_key.
[   21.965800] cloud-init[969]: Your public key has been saved in /etc/ssh/ssh_host_ecdsa_key.pub.
[   21.965936] cloud-init[969]: The key fingerprint is:
[   21.966074] cloud-init[969]: SHA256:kp4rR+r1+yxxNDb7ah6SMmvVwcEvHJh0n93Q/jRd3wY root@ubuntu-xenial
[   21.966206] cloud-init[969]: The key's randomart image is:
[0;32m  OK  [0m] Reached target System Initialization.
[   21.966345] cloud-init[969]: +---[ECDSA 256]---+
[   22.197965] cloud-init[969]: |       ..+.   .. |
[   22.198763] cloud-init[969]: |        o.+. oEoo|
         Starting LXD - unix socket.
[   22.198836] cloud-init[969]: |         o +o .o*|
[   22.428811] cloud-init[969]: |       .  X .  .B|
[   22.429090] cloud-init[969]: |      o S+ *   oo|
[[0;32m  OK  [0m] Started Daily Cleanup of Temporary Directories.
[[   22.429230] cloud-init[969]: |     ..oo.+     .|
[   22.462551] cloud-init[969]: |     o*.oo..     |
[0;32m  OK  [0m] Listening on D-Bus System Message Bus Socket.
[[   22.462654] cloud-init[969]: |    o.o*.o...    |
[   22.575241] cloud-init[969]: |   ..+o o*=.     |
[0;32m  OK  [0m] Listening on ACPID Listen Socket.
         [   22.575324] Starting Socket activation for snappy daemon.cloud-init
[969]: +----[SHA256]-----+
[   22.664517] cloud-init[969]: Generating public/private ed25519 key pair.
[   22.664806] cloud-init[969]: Your identification has been saved in /etc/ssh/ssh_host_ed25519_key.
[[0;32m  OK  [0m] Started Timer to automatically refresh installed snaps.
[[   22.664973] cloud-init[969]: Your public key has been saved in /etc/ssh/ssh_host_ed25519_key.pub.
[   22.690129] cloud-init[969]: The key fingerprint is:
[   22.690211] cloud-init[969]: SHA256:yIiFewPDVYnsYmkbwjUtYnbGBcYlPFRGr2aaw5fo3GQ root@ubuntu-xenial
[   22.690352] cloud-init[969]: The key's randomart image is:
[0;32m  OK  [0m] Listening on UUID daemon activation socket.
[   22.690478] cloud-init[969]: +--[ED25519 256]--+
[   23.092842] cloud-init[969]: |  =*OO..         |
[   23.093189] cloud-init[969]: | =.&=.o          |
[[0;32m  OK  [0m] Started ACPI Events Check.
[[   23.093341] cloud-init[969]: |+ Xo=  .         |
[0;32m  OK  [0m] Reached target Paths.
[   23.297937] cloud-init[969]: |..**.o..         |
[   23.355164] cloud-init[969]: | +o+++o S        |
[[0;32m  OK  [0m] Reached target Network is Online.
[   23.355250] cloud-init[969]: |  o.*..          |
[   23.405150] cloud-init[969]: |   * E           |
[   23.405417] cloud-init[969]: |  o *            |
[[0;32m  OK  [0m] Started Daily apt download activities.
[[0;32m  OK  [0m] Started Daily apt upgrade and clean activities.[   23.405722] 
cloud-init[969]: |   o .           |
[[   23.557541] cloud-init[969]: +----[SHA256]-----+
[0;32m  OK  [0m] Reached target Timers.
         Starting iSCSI initiator daemon (iscsid)...
[[0;32m  OK  [0m] Listening on LXD - unix socket.
[[0;32m  OK  [0m] Listening on Socket activation for snappy daemon.
[[0;32m  OK  [0m] Reached target Sockets.
[[0;32m  OK  [0m] Reached target Basic System.
[[0;32m  OK  [0m] Started Deferred execution scheduler.
[[0;32m  OK  [0m] Started ACPI event daemon.
[[0;32m  OK  [0m] Started FUSE filesystem for LXC.
         Starting Apply the settings specified in cloud-config...
         Starting /etc/rc.local Compatibility...
         Starting System Logging Service...
[[0;32m  OK  [0m] Started D-Bus System Message Bus.
         Starting Accounts Service...
[[0;32m  OK  [0m] Started Unattended Upgrades Shutdown.
         Starting Login Service...
         Starting LSB: Record successful boot for GRUB...
         Starting Snappy daemon...
         Starting LSB: MD monitoring daemon...
         Starting Pollinate to seed the pseudo random number generator...
[[0;32m  OK  [0m] Started Regular background program processing daemon.
         Starting LXD - container startup/shutdown...
[[0;32m  OK  [0m] Started System Logging Service.
[[0;32m  OK  [0m] Started iSCSI initiator daemon (iscsid).
[[0;32m  OK  [0m] Started /etc/rc.local Compatibility.
[[0;32m  OK  [0m] Started Login Service.
[[0;32m  OK  [0m] Started LSB: Record successful boot for GRUB.
[[0;32m  OK  [0m] Started LSB: MD monitoring daemon.
[[0;32m  OK  [0m] Started LXD - container startup/shutdown.
[[0;32m  OK  [0m] Started Snappy daemon.
         Starting Authenticate and Authorize Users to Run Privileged Tasks...
         Starting Login to default iSCSI targets...
[[0;32m  OK  [0m] Started Login to default iSCSI targets.
[[0;32m  OK  [0m] Started Authenticate and Authorize Users to Run Privileged Tasks.
[[0;32m  OK  [0m] Started Accounts Service.
[[0;32m  OK  [0m] Reached target Remote File Systems (Pre).
[[0;32m  OK  [0m] Reached target Remote File Systems.
         Starting LSB: daemon to balance interrupts for SMP systems...
         Starting LSB: Set the CPU Frequency Scaling governor to "ondemand"...
         Starting LSB: VirtualBox Linux Additions...
         Starting Permit User Sessions...
[   24.508960] cloud-init[1075]: Generating locales (this might take a while)...
         Starting LSB: automatic crash report generation...
[[0;32m  OK  [0m] Started Permit User Sessions.
[[0;32m  OK  [0m] Started LSB: daemon to balance interrupts for SMP systems.
[[0;32m  OK  [0m] Started LSB: Set the CPU Frequency Scaling governor to "ondemand".
         Starting Hold until boot process finishes up...
         Starting Terminate Plymouth Boot Screen...
[[0;32m  OK  [0m] Started LSB: automatic crash report generation.
[[0;32m  OK  [0m] Started LSB: VirtualBox Linux Additions.
[[0;32m  OK  [0m] Started Hold until boot process finishes up.
[[0;32m  OK  [0m] Started Terminate Plymouth Boot Screen.
         Starting Set console scheme...
[[0;32m  OK  [0m] Started Serial Getty on ttyS0.
[[0;32m  OK  [0m] Started Getty on tty1.
[[0;32m  OK  [0m] Reached target Login Prompts.
[[0;32m  OK  [0m] Started Set console scheme.
[[0;32m  OK  [0m] Started Pollinate to seed the pseudo random number generator.
         Starting OpenBSD Secure Shell server...
[[0;32m  OK  [0m] Started OpenBSD Secure Shell server.
[[0;32m  OK  [0m] Reached target Multi-User System.
[[0;32m  OK  [0m] Reached target Graphical Interface.
         Starting Update UTMP about System Runlevel Changes...
[[0;32m  OK  [0m] Started Update UTMP about System Runlevel Changes.
[   25.520897] cloud-init[1075]:   en_US.UTF-8... done
[   25.540571] cloud-init[1075]: Generation complete.
         Stopping OpenBSD Secure Shell server...
[[0;32m  OK  [0m] Stopped OpenBSD Secure Shell server.
         Starting OpenBSD Secure Shell server...
[[0;32m  OK  [0m] Started OpenBSD Secure Shell server.
[[0;32m  OK  [0m] Created slice User Slice of ubuntu.
         Starting User Manager for UID 1000...
[[0;32m  OK  [0m] Started User Manager for UID 1000.
[[0;32m  OK  [0m] Started Session 1 of user ubuntu.
[   26.002194] cloud-init[1075]: Cloud-init v. 17.1 running 'modules:config' at Sun, 17 Dec 2017 15:03:57 +0000. Up 24.29 seconds.
[[0;32m  OK  [0m] Started Apply the settings specified in cloud-config.
         Starting Execute cloud user/final scripts...
ci-info: no authorized ssh keys fingerprints found for user ubuntu.
<14>Dec 17 15:03:59 ec2: 
<14>Dec 17 15:03:59 ec2: #############################################################
<14>Dec 17 15:03:59 ec2: -----BEGIN SSH HOST KEY FINGERPRINTS-----
<14>Dec 17 15:03:59 ec2: 1024 SHA256:d6/D4LMBm/AuFHmPqagd0Znhcn0T0UmDluZvLXrhlAs root@ubuntu-xenial (DSA)
<14>Dec 17 15:03:59 ec2: 256 SHA256:kp4rR+r1+yxxNDb7ah6SMmvVwcEvHJh0n93Q/jRd3wY root@ubuntu-xenial (ECDSA)
<14>Dec 17 15:03:59 ec2: 256 SHA256:yIiFewPDVYnsYmkbwjUtYnbGBcYlPFRGr2aaw5fo3GQ root@ubuntu-xenial (ED25519)
<14>Dec 17 15:03:59 ec2: 2048 SHA256:b9FJzg074wjiE8e8F/CKRFDY11Eg1//UhHDC7qXYmsI root@ubuntu-xenial (RSA)
<14>Dec 17 15:03:59 ec2: -----END SSH HOST KEY FINGERPRINTS-----
<14>Dec 17 15:03:59 ec2: #############################################################
-----BEGIN SSH HOST KEY KEYS-----
ecdsa-sha2-nistp256 AAAAE2VjZHNhLXNoYTItbmlzdHAyNTYAAAAIbmlzdHAyNTYAAABBBJLKy+9d+mQ5ID8Lu8fN/f5oWsjbtgOrghFjA18nameGf+UIdz3OxCRG3lR68JiqW7xFpDJFYfoki7KSqfEumpY= root@ubuntu-xenial
ssh-ed25519 AAAAC3NzaC1lZDI1NTE5AAAAIECwpYDaDr2rQqd9DEK4157+4Bqjdy690KiwOdnmrwxK root@ubuntu-xenial
ssh-rsa AAAAB3NzaC1yc2EAAAADAQABAAABAQD0mG4O1YlCPouSM3LSPP2+iD16JpGY1Ltr8Hdq8kE/q9as+y6PzUAF6qQ/H3Tj+tR3PxkJmoWQ9SYD1dUa/1GHWu5ZD20R9yFTtBQZ/UowRMUIvvF2GeAReoajm+QZ4v8IRCTtp7qZ1MW9vnP+guBCTQ+hVEIiNNpq3K6/o88kf6o/57hqOioJ72HgvoOSkLgRTuaIFXRdYrNwjDt8ZRy68IW6igi0gh0quZtkr4FfPs+rz5WvXxJF8+lMYqaEOgYk8prFIqXCb+RNp6PksPFXfdtERDWbmbpjioJb2s71QXWaDYmvxuV3nS7b4VXLQu2R5mfV7apTG8vWkDzJoSwR root@ubuntu-xenial
-----END SSH HOST KEY KEYS-----
[   26.870686] cloud-init[1394]: Cloud-init v. 17.1 running 'modules:final' at Sun, 17 Dec 2017 15:03:59 +0000. Up 26.46 seconds.
[   26.979084] [cloud-init[0;32m  OK  [0m[1394]: ] ci-info: no authorized ssh keys fingerprints found for user ubuntu.Started Execute cloud user/final scripts.

[[0;32m  OK  [0m] Reached target Cloud-init target.
[   27.005949] cloud-init[1394]: Cloud-init v. 17.1 finished at Sun, 17 Dec 2017 15:03:59 +0000. Datasource DataSourceNoCloud [seed=/dev/sdb][dsmode=net].  Up 26.86 seconds

Ubuntu 16.04.3 LTS ubuntu-xenial ttyS0

ubuntu-xenial login: 